Arguments: 
  /Users/thaka/.nvm/versions/node/v12.22.5/bin/node /usr/local/bin/yarn

PATH: 
  /usr/local/opt/openjdk@11/bin:/usr/local/opt/mysql@5.7/bin:/Users/thaka/.jenv/shims:/Users/thaka/.jenv/shims:/Users/thaka/.jenv/bin:/Users/thaka/.nvm/versions/node/v12.22.5/bin:/usr/local/bin:/usr/bin:/bin:/usr/sbin:/sbin:/opt/X11/bin:/Library/Apple/usr/bin:/usr/local/opt/openjdk@11/bin:/usr/local/opt/mysql@5.7/bin:/Users/thaka/.jenv/shims:/Users/thaka/.jenv/bin:/Users/thaka/.nvm/versions/node/v12.22.5/bin

Yarn version: 
  1.22.10

Node version: 
  12.22.5

Platform: 
  darwin x64

Trace: 
  SyntaxError: /Users/thaka/Documents/Projetos/bump-rn-cli/package.json: Unexpected token } in JSON at position 703
      at JSON.parse (<anonymous>)
      at /usr/local/lib/node_modules/yarn/lib/cli.js:1625:59
      at Generator.next (<anonymous>)
      at step (/usr/local/lib/node_modules/yarn/lib/cli.js:310:30)
      at /usr/local/lib/node_modules/yarn/lib/cli.js:321:13

npm manifest: 
  {
      "name": "dump-rn",
      "version": "1.0.0",
      "description": "",
      "main": "index.js",
      "scripts": {
          "start": "babel-node src/index.js",
          "start:prod": "node dist/index.js",
          "dev": "babel-node src/index.js",
          "build": "babel src --out-dir  dist --source-maps false --copy-files",
          "test": "echo \"Error: no test specified\" && exit 1"
      },
      "author": "tharyck",
      "license": "ISC",
      "dependencies": {
          "@babel/runtime": "^7.9.6",
          "chalk": "^4.1.0",
          "chalk-table": "^1.0.2",
          "commander": "^7.1.0",
          "glob": "^7.1.6",
          "inquirer": "^8.0.0",
          "mkdirp": "^1.0.4",
          "rimraf": "^3.0.2",
      },
      "devDependencies": {
          "@babel/cli": "^7.8.4",
          "@babel/core": "^7.9.0",
          "@babel/node": "^7.8.7",
          "@babel/plugin-transform-runtime": "^7.9.6",
          "@babel/preset-env": "^7.9.5",
          "babel-plugin-dynamic-import-node": "^2.3.3",
          "babel-preset-latest-node": "^4.1.0",
          "del": "^5.1.0",
          "eslint": "^6.8.0",
          "eslint-config-airbnb-base": "^14.1.0",
          "eslint-config-prettier": "^6.11.0",
          "eslint-plugin-import": "^2.20.2",
          "eslint-plugin-node": "^11.1.0",
          "eslint-plugin-prettier": "^3.1.3",
          "eslint-plugin-security": "^1.4.0",
          "nodemon": "^2.0.3",
          "prettier": "^2.0.5",
          "run-sequence": "^2.2.1"
      }
  }

yarn manifest: 
  No manifest

Lockfile: 
  No lockfile
